  tree.cpp
c:\users\user\source\repos\tree3\tree3\tree.h(22): error C2011: node: переопределение типа "struct"
  c:\users\user\source\repos\tree3\tree3\tree.h(11): note:  см. объявление "node"
c:\users\user\source\repos\tree3\tree3\tree.cpp(6): error C2027: использование неопределенного типа "node"
  c:\users\user\source\repos\tree3\tree3\tree.h(11): note:  см. объявление "node"
c:\users\user\source\repos\tree3\tree3\tree.cpp(7): error C2027: использование неопределенного типа "node"
  c:\users\user\source\repos\tree3\tree3\tree.h(11): note:  см. объявление "node"
c:\users\user\source\repos\tree3\tree3\tree.cpp(16): error C2027: использование неопределенного типа "node"
  c:\users\user\source\repos\tree3\tree3\tree.h(11): note:  см. объявление "node"
c:\users\user\source\repos\tree3\tree3\tree.cpp(22): error C2027: использование неопределенного типа "node"
  c:\users\user\source\repos\tree3\tree3\tree.h(11): note:  см. объявление "node"
c:\users\user\source\repos\tree3\tree3\tree.cpp(23): error C2027: использование неопределенного типа "node"
  c:\users\user\source\repos\tree3\tree3\tree.h(11): note:  см. объявление "node"
c:\users\user\source\repos\tree3\tree3\tree.cpp(25): error C2027: использование неопределенного типа "node"
  c:\users\user\source\repos\tree3\tree3\tree.h(11): note:  см. объявление "node"
c:\users\user\source\repos\tree3\tree3\tree.cpp(26): error C2027: использование неопределенного типа "node"
  c:\users\user\source\repos\tree3\tree3\tree.h(11): note:  см. объявление "node"
c:\users\user\source\repos\tree3\tree3\tree.cpp(28): error C2027: использование неопределенного типа "node"
  c:\users\user\source\repos\tree3\tree3\tree.h(11): note:  см. объявление "node"
c:\users\user\source\repos\tree3\tree3\tree.cpp(35): error C2027: использование неопределенного типа "node"
  c:\users\user\source\repos\tree3\tree3\tree.h(11): note:  см. объявление "node"
c:\users\user\source\repos\tree3\tree3\tree.cpp(36): error C2027: использование неопределенного типа "node"
  c:\users\user\source\repos\tree3\tree3\tree.h(11): note:  см. объявление "node"
c:\users\user\source\repos\tree3\tree3\tree.cpp(38): error C2027: использование неопределенного типа "node"
  c:\users\user\source\repos\tree3\tree3\tree.h(11): note:  см. объявление "node"
c:\users\user\source\repos\tree3\tree3\tree.cpp(39): error C2027: использование неопределенного типа "node"
  c:\users\user\source\repos\tree3\tree3\tree.h(11): note:  см. объявление "node"
c:\users\user\source\repos\tree3\tree3\tree.cpp(41): error C2027: использование неопределенного типа "node"
  c:\users\user\source\repos\tree3\tree3\tree.h(11): note:  см. объявление "node"
c:\users\user\source\repos\tree3\tree3\tree.cpp(49): error C2027: использование неопределенного типа "node"
  c:\users\user\source\repos\tree3\tree3\tree.h(11): note:  см. объявление "node"
c:\users\user\source\repos\tree3\tree3\tree.cpp(50): error C2027: использование неопределенного типа "node"
  c:\users\user\source\repos\tree3\tree3\tree.h(11): note:  см. объявление "node"
c:\users\user\source\repos\tree3\tree3\tree.cpp(51): error C2027: использование неопределенного типа "node"
  c:\users\user\source\repos\tree3\tree3\tree.h(11): note:  см. объявление "node"
c:\users\user\source\repos\tree3\tree3\tree.cpp(52): error C2027: использование неопределенного типа "node"
  c:\users\user\source\repos\tree3\tree3\tree.h(11): note:  см. объявление "node"
c:\users\user\source\repos\tree3\tree3\tree.cpp(53): error C2027: использование неопределенного типа "node"
  c:\users\user\source\repos\tree3\tree3\tree.h(11): note:  см. объявление "node"
c:\users\user\source\repos\tree3\tree3\tree.cpp(54): error C2027: использование неопределенного типа "node"
  c:\users\user\source\repos\tree3\tree3\tree.h(11): note:  см. объявление "node"
c:\users\user\source\repos\tree3\tree3\tree.cpp(58): error C2027: использование неопределенного типа "node"
  c:\users\user\source\repos\tree3\tree3\tree.h(11): note:  см. объявление "node"
c:\users\user\source\repos\tree3\tree3\tree.cpp(60): error C2027: использование неопределенного типа "node"
  c:\users\user\source\repos\tree3\tree3\tree.h(11): note:  см. объявление "node"
c:\users\user\source\repos\tree3\tree3\tree.cpp(61): error C2027: использование неопределенного типа "node"
  c:\users\user\source\repos\tree3\tree3\tree.h(11): note:  см. объявление "node"
c:\users\user\source\repos\tree3\tree3\tree.cpp(63): error C2027: использование неопределенного типа "node"
  c:\users\user\source\repos\tree3\tree3\tree.h(11): note:  см. объявление "node"
c:\users\user\source\repos\tree3\tree3\tree.cpp(64): error C2027: использование неопределенного типа "node"
  c:\users\user\source\repos\tree3\tree3\tree.h(11): note:  см. объявление "node"
c:\users\user\source\repos\tree3\tree3\tree.cpp(69): error C2027: использование неопределенного типа "node"
  c:\users\user\source\repos\tree3\tree3\tree.h(11): note:  см. объявление "node"
c:\users\user\source\repos\tree3\tree3\tree.cpp(71): error C2027: использование неопределенного типа "node"
  c:\users\user\source\repos\tree3\tree3\tree.h(11): note:  см. объявление "node"
c:\users\user\source\repos\tree3\tree3\tree.cpp(72): error C2027: использование неопределенного типа "node"
  c:\users\user\source\repos\tree3\tree3\tree.h(11): note:  см. объявление "node"
c:\users\user\source\repos\tree3\tree3\tree.cpp(74): error C2027: использование неопределенного типа "node"
  c:\users\user\source\repos\tree3\tree3\tree.h(11): note:  см. объявление "node"
c:\users\user\source\repos\tree3\tree3\tree.cpp(75): error C2027: использование неопределенного типа "node"
  c:\users\user\source\repos\tree3\tree3\tree.h(11): note:  см. объявление "node"
c:\users\user\source\repos\tree3\tree3\tree.cpp(89): error C2027: использование неопределенного типа "node"
  c:\users\user\source\repos\tree3\tree3\tree.h(11): note:  см. объявление "node"
c:\users\user\source\repos\tree3\tree3\tree.cpp(90): error C2027: использование неопределенного типа "node"
  c:\users\user\source\repos\tree3\tree3\tree.h(11): note:  см. объявление "node"
c:\users\user\source\repos\tree3\tree3\tree.cpp(91): error C2027: использование неопределенного типа "node"
  c:\users\user\source\repos\tree3\tree3\tree.h(11): note:  см. объявление "node"
c:\users\user\source\repos\tree3\tree3\tree.cpp(98): error C2027: использование неопределенного типа "node"
  c:\users\user\source\repos\tree3\tree3\tree.h(11): note:  см. объявление "node"
c:\users\user\source\repos\tree3\tree3\tree.cpp(99): error C2027: использование неопределенного типа "node"
  c:\users\user\source\repos\tree3\tree3\tree.h(11): note:  см. объявление "node"
c:\users\user\source\repos\tree3\tree3\tree.cpp(100): error C2027: использование неопределенного типа "node"
  c:\users\user\source\repos\tree3\tree3\tree.h(11): note:  см. объявление "node"
c:\users\user\source\repos\tree3\tree3\tree.cpp(110): error C2027: использование неопределенного типа "node"
  c:\users\user\source\repos\tree3\tree3\tree.h(11): note:  см. объявление "node"
c:\users\user\source\repos\tree3\tree3\tree.cpp(112): error C2027: использование неопределенного типа "node"
  c:\users\user\source\repos\tree3\tree3\tree.h(11): note:  см. объявление "node"
c:\users\user\source\repos\tree3\tree3\tree.cpp(112): error C2660: Delete: функция не принимает 1 аргументов
  c:\users\user\source\repos\tree3\tree3\tree.cpp(103): note:  см. объявление "Delete"
c:\users\user\source\repos\tree3\tree3\tree.cpp(114): error C2027: использование неопределенного типа "node"
  c:\users\user\source\repos\tree3\tree3\tree.h(11): note:  см. объявление "node"
c:\users\user\source\repos\tree3\tree3\tree.cpp(116): error C2027: использование неопределенного типа "node"
  c:\users\user\source\repos\tree3\tree3\tree.h(11): note:  см. объявление "node"
c:\users\user\source\repos\tree3\tree3\tree.cpp(116): error C2660: Delete: функция не принимает 1 аргументов
  c:\users\user\source\repos\tree3\tree3\tree.cpp(103): note:  см. объявление "Delete"
c:\users\user\source\repos\tree3\tree3\tree.cpp(118): error C2027: использование неопределенного типа "node"
  c:\users\user\source\repos\tree3\tree3\tree.h(11): note:  см. объявление "node"
c:\users\user\source\repos\tree3\tree3\tree.cpp(125): error C2027: использование неопределенного типа "node"
  c:\users\user\source\repos\tree3\tree3\tree.h(11): note:  см. объявление "node"
c:\users\user\source\repos\tree3\tree3\tree.cpp(128): error C2027: использование неопределенного типа "node"
  c:\users\user\source\repos\tree3\tree3\tree.h(11): note:  см. объявление "node"
c:\users\user\source\repos\tree3\tree3\tree.cpp(132): error C2027: использование неопределенного типа "node"
  c:\users\user\source\repos\tree3\tree3\tree.h(11): note:  см. объявление "node"
c:\users\user\source\repos\tree3\tree3\tree.cpp(135): error C2027: использование неопределенного типа "node"
  c:\users\user\source\repos\tree3\tree3\tree.h(11): note:  см. объявление "node"
c:\users\user\source\repos\tree3\tree3\tree.cpp(141): error C2027: использование неопределенного типа "node"
  c:\users\user\source\repos\tree3\tree3\tree.h(11): note:  см. объявление "node"
c:\users\user\source\repos\tree3\tree3\tree.cpp(142): error C2027: использование неопределенного типа "node"
  c:\users\user\source\repos\tree3\tree3\tree.h(11): note:  см. объявление "node"
c:\users\user\source\repos\tree3\tree3\tree.cpp(143): error C2027: использование неопределенного типа "node"
  c:\users\user\source\repos\tree3\tree3\tree.h(11): note:  см. объявление "node"
c:\users\user\source\repos\tree3\tree3\tree.cpp(153): error C2027: использование неопределенного типа "node"
  c:\users\user\source\repos\tree3\tree3\tree.h(11): note:  см. объявление "node"
c:\users\user\source\repos\tree3\tree3\tree.cpp(154): error C2027: использование неопределенного типа "node"
  c:\users\user\source\repos\tree3\tree3\tree.h(11): note:  см. объявление "node"
c:\users\user\source\repos\tree3\tree3\tree.cpp(156): warning C4150: удаление указателя на неполный тип "node"; деструктор не вызван
  c:\users\user\source\repos\tree3\tree3\tree.h(11): note:  см. объявление "node"
c:\users\user\source\repos\tree3\tree3\tree.cpp(163): error C2027: использование неопределенного типа "node"
  c:\users\user\source\repos\tree3\tree3\tree.h(11): note:  см. объявление "node"
c:\users\user\source\repos\tree3\tree3\tree.cpp(164): error C2027: использование неопределенного типа "node"
  c:\users\user\source\repos\tree3\tree3\tree.h(11): note:  см. объявление "node"
c:\users\user\source\repos\tree3\tree3\tree.cpp(165): error C2027: использование неопределенного типа "node"
  c:\users\user\source\repos\tree3\tree3\tree.h(11): note:  см. объявление "node"
c:\users\user\source\repos\tree3\tree3\tree.cpp(166): error C2027: использование неопределенного типа "node"
  c:\users\user\source\repos\tree3\tree3\tree.h(11): note:  см. объявление "node"
c:\users\user\source\repos\tree3\tree3\tree.cpp(179): error C2027: использование неопределенного типа "node"
  c:\users\user\source\repos\tree3\tree3\tree.h(11): note:  см. объявление "node"
c:\users\user\source\repos\tree3\tree3\tree.cpp(183): error C2027: использование неопределенного типа "node"
  c:\users\user\source\repos\tree3\tree3\tree.h(11): note:  см. объявление "node"
c:\users\user\source\repos\tree3\tree3\tree.cpp(185): error C2027: использование неопределенного типа "node"
  c:\users\user\source\repos\tree3\tree3\tree.h(11): note:  см. объявление "node"
  tree3.cpp
c:\users\user\source\repos\tree3\tree3\tree.h(22): error C2011: node: переопределение типа "struct"
  c:\users\user\source\repos\tree3\tree3\tree.h(11): note:  см. объявление "node"
c:\users\user\source\repos\tree3\tree3\tree3.cpp(62): error C2027: использование неопределенного типа "node"
  c:\users\user\source\repos\tree3\tree3\tree.h(11): note:  см. объявление "node"
  Создание кода...
